make --dry-run --always-make --keep-going --print-directory
make: Entering directory `/Users/greatng/42Bangkok/42cursus/minishell'
make -C ./libft/		
mkdir -p obj
gcc -Wall -Wextra -Wextra -c src/main.c -o obj/main.o 
mkdir -p obj
gcc -Wall -Wextra -Wextra -c src/builtin_1.c -o obj/builtin_1.o 
mkdir -p obj
gcc -Wall -Wextra -Wextra -c src/builtin_2.c -o obj/builtin_2.o 
mkdir -p obj
gcc -Wall -Wextra -Wextra -c src/additional_fn.c -o obj/additional_fn.o 
mkdir -p obj
gcc -Wall -Wextra -Wextra -c src/signal.c -o obj/signal.o 
mkdir -p obj
gcc -Wall -Wextra -Wextra -c src/1_phrase_utils.c -o obj/1_phrase_utils.o 
mkdir -p obj
gcc -Wall -Wextra -Wextra -c src/2_lexer.c -o obj/2_lexer.o 
 
mkdir -p obj
gcc -Wall -Wextra -Wextra -c src/3_parser.c -o obj/3_parser.o 
mkdir -p obj
gcc -Wall -Wextra -Wextra -c src/4_free_phrase.c -o obj/4_free_phrase.o 
mkdir -p obj
gcc -Wall -Wextra -Wextra -c src/rl_get.c -o obj/rl_get.o 
mkdir -p obj
gcc -Wall -Wextra -Wextra -c src/con_exec.c -o obj/con_exec.o 
mkdir -p obj
gcc -Wall -Wextra -Wextra -c src/1_quote_utils.c -o obj/1_quote_utils.o 
mkdir -p obj
gcc -Wall -Wextra -Wextra -c src/2_translate_vars.c -o obj/2_translate_vars.o 
mkdir -p obj
gcc -Wall -Wextra -Wextra -c src/end_of_loop.c -o obj/end_of_loop.o 
mkdir -p obj
gcc -Wall -Wextra -Wextra -c src/builtin_utils.c -o obj/builtin_utils.o 
echo "\033[38;5;2mCompiling:\033[38;5;255m"
gcc -Wall -Wextra -Wextra -fsanitize=address -lreadline obj/main.o obj/builtin_1.o obj/builtin_2.o obj/additional_fn.o obj/signal.o obj/1_phrase_utils.o obj/2_lexer.o obj/3_parser.o obj/4_free_phrase.o obj/rl_get.o obj/con_exec.o obj/1_quote_utils.o obj/2_translate_vars.o obj/end_of_loop.o obj/builtin_utils.o libft/libft.a -o minishell
make: Leaving directory `/Users/greatng/42Bangkok/42cursus/minishell'
 
